<?xml version="1.0" encoding="UTF-8"?>
<testsuite xmlns:xsi="http://www.w3.org/2001/XMLSchema-instance" xsi:noNamespaceSchemaLocation="https://maven.apache.org/surefire/maven-surefire-plugin/xsd/surefire-test-report.xsd" name="B_ChangeHistoryTest" time="0.001" tests="18" errors="0" skipped="0" failures="18">
  <properties>
    <property name="sun.desktop" value="windows"/>
    <property name="awt.toolkit" value="sun.awt.windows.WToolkit"/>
    <property name="java.specification.version" value="11"/>
    <property name="sun.cpu.isalist" value="amd64"/>
    <property name="sun.jnu.encoding" value="Cp1252"/>
    <property name="java.class.path" value="C:\Users\admin\Desktop\Ridzy Stuff\JavaProgramming2\mooc-java-programming-ii\part09-Part09_03.Warehousing\target\test-classes;C:\Users\admin\Desktop\Ridzy Stuff\JavaProgramming2\mooc-java-programming-ii\part09-Part09_03.Warehousing\target\classes;C:\Users\admin\.m2\repository\junit\junit\4.12\junit-4.12.jar;C:\Users\admin\.m2\repository\org\hamcrest\hamcrest-core\1.3\hamcrest-core-1.3.jar;C:\Users\admin\.m2\repository\fi\helsinki\cs\tmc\edu-test-utils\0.4.2\edu-test-utils-0.4.2.jar;"/>
    <property name="java.vm.vendor" value="Eclipse Adoptium"/>
    <property name="sun.arch.data.model" value="64"/>
    <property name="user.variant" value=""/>
    <property name="java.vendor.url" value="https://adoptium.net/"/>
    <property name="user.timezone" value="Asia/Singapore"/>
    <property name="java.vm.specification.version" value="11"/>
    <property name="os.name" value="Windows 11"/>
    <property name="sun.java.launcher" value="SUN_STANDARD"/>
    <property name="user.country" value="SG"/>
    <property name="sun.boot.library.path" value="C:\Program Files\Eclipse Adoptium\jdk-11.0.24.8-hotspot\bin"/>
    <property name="sun.java.command" value="C:\Users\admin\AppData\Local\Temp\surefire10133479336613218658\surefirebooter14498370347174189685.jar C:\Users\admin\AppData\Local\Temp\surefire10133479336613218658 2024-09-24T18-14-25_140-jvmRun1 surefire11999648094411730488tmp surefire_09253885751920091804tmp"/>
    <property name="jdk.debug" value="release"/>
    <property name="surefire.test.class.path" value="C:\Users\admin\Desktop\Ridzy Stuff\JavaProgramming2\mooc-java-programming-ii\part09-Part09_03.Warehousing\target\test-classes;C:\Users\admin\Desktop\Ridzy Stuff\JavaProgramming2\mooc-java-programming-ii\part09-Part09_03.Warehousing\target\classes;C:\Users\admin\.m2\repository\junit\junit\4.12\junit-4.12.jar;C:\Users\admin\.m2\repository\org\hamcrest\hamcrest-core\1.3\hamcrest-core-1.3.jar;C:\Users\admin\.m2\repository\fi\helsinki\cs\tmc\edu-test-utils\0.4.2\edu-test-utils-0.4.2.jar;"/>
    <property name="sun.cpu.endian" value="little"/>
    <property name="user.home" value="C:\Users\admin"/>
    <property name="user.language" value="en"/>
    <property name="java.specification.vendor" value="Oracle Corporation"/>
    <property name="java.version.date" value="2024-07-16"/>
    <property name="java.home" value="C:\Program Files\Eclipse Adoptium\jdk-11.0.24.8-hotspot"/>
    <property name="file.separator" value="\"/>
    <property name="basedir" value="C:\Users\admin\Desktop\Ridzy Stuff\JavaProgramming2\mooc-java-programming-ii\part09-Part09_03.Warehousing"/>
    <property name="java.vm.compressedOopsMode" value="Zero based"/>
    <property name="line.separator" value="&#10;"/>
    <property name="java.specification.name" value="Java Platform API Specification"/>
    <property name="java.vm.specification.vendor" value="Oracle Corporation"/>
    <property name="java.awt.graphicsenv" value="sun.awt.Win32GraphicsEnvironment"/>
    <property name="surefire.real.class.path" value="C:\Users\admin\AppData\Local\Temp\surefire10133479336613218658\surefirebooter14498370347174189685.jar"/>
    <property name="jdk.net.URLClassPath.disableClassPathURLCheck" value="true"/>
    <property name="user.script" value=""/>
    <property name="sun.management.compiler" value="HotSpot 64-Bit Tiered Compilers"/>
    <property name="java.runtime.version" value="11.0.24+8"/>
    <property name="user.name" value="admin"/>
    <property name="path.separator" value=";"/>
    <property name="os.version" value="10.0"/>
    <property name="java.runtime.name" value="OpenJDK Runtime Environment"/>
    <property name="file.encoding" value="UTF-8"/>
    <property name="java.vm.name" value="OpenJDK 64-Bit Server VM"/>
    <property name="java.vendor.version" value="Temurin-11.0.24+8"/>
    <property name="localRepository" value="C:\Users\admin\.m2\repository"/>
    <property name="java.vendor.url.bug" value="https://github.com/adoptium/adoptium-support/issues"/>
    <property name="java.io.tmpdir" value="C:\Users\admin\AppData\Local\Temp\"/>
    <property name="java.version" value="11.0.24"/>
    <property name="user.dir" value="C:\Users\admin\Desktop\Ridzy Stuff\JavaProgramming2\mooc-java-programming-ii\part09-Part09_03.Warehousing"/>
    <property name="os.arch" value="amd64"/>
    <property name="java.vm.specification.name" value="Java Virtual Machine Specification"/>
    <property name="java.awt.printerjob" value="sun.awt.windows.WPrinterJob"/>
    <property name="sun.os.patch.level" value=""/>
    <property name="java.library.path" value="C:\Program Files\Eclipse Adoptium\jdk-11.0.24.8-hotspot\bin;C:\WINDOWS\Sun\Java\bin;C:\WINDOWS\system32;C:\WINDOWS;C:\Program Files\Eclipse Adoptium\jdk-11.0.24.8-hotspot\bin;C:\Program Files\Oculus\Support\oculus-runtime;C:\Python311\Scripts\;C:\Python311\;C:\Program Files\Common Files\Oracle\Java\javapath;C:\Windows\system32;C:\Windows;C:\Windows\System32\Wbem;C:\Windows\System32\WindowsPowerShell\v1.0\;C:\Windows\System32\OpenSSH\;C:\Program Files (x86)\NVIDIA Corporation\PhysX\Common;C:\Program Files\NVIDIA Corporation\NVIDIA NvDLISR;C:\Program Files\dotnet\;C:\WINDOWS\system32;C:\WINDOWS;C:\WINDOWS\System32\Wbem;C:\WINDOWS\System32\WindowsPowerShell\v1.0\;C:\WINDOWS\System32\OpenSSH\;C:\Program Files\Git\cmd;C:\opt\apache-maven-3.9.1\bin;C:\ProgramData\chocolatey\bin;C:\Program Files\MySQL\MySQL Server 8.0\bin;C:\Program Files\MongoDB\Tools\100\bin;C:\Program Files\nodejs\;C:\Program Files\Docker\Docker\resources\bin;C:\Program Files\MySQL\MySQL Shell 8.0\bin\;C:\Users\admin\AppData\Local\Microsoft\WindowsApps;C:\Users\admin\AppData\Local\Programs\Microsoft VS Code\bin;C:\Users\admin\AppData\Local\Programs\mongosh\;C:\Users\admin\AppData\Local\Microsoft\WindowsApps;C:\Users\admin\AppData\Roaming\npm;C:\Program Files\JetBrains\IntelliJ IDEA 2023.3.4\bin;;."/>
    <property name="java.vm.info" value="mixed mode"/>
    <property name="java.vendor" value="Eclipse Adoptium"/>
    <property name="java.vm.version" value="11.0.24+8"/>
    <property name="java.specification.maintenance.version" value="2"/>
    <property name="sun.io.unicode.encoding" value="UnicodeLittle"/>
    <property name="java.class.version" value="55.0"/>
  </properties>
  <testcase name="toStringWorksWhenAdding1" classname="B_ChangeHistoryTest" time="0">
    <failure message="Could not find class `ChangeHistory`." type="java.lang.AssertionError">java.lang.AssertionError: Could not find class `ChangeHistory`.
	at B_ChangeHistoryTest.setup(B_ChangeHistoryTest.java:19)
</failure>
  </testcase>
  <testcase name="toStringWorksWhenAdding2" classname="B_ChangeHistoryTest" time="0">
    <failure message="Could not find class `ChangeHistory`." type="java.lang.AssertionError">java.lang.AssertionError: Could not find class `ChangeHistory`.
	at B_ChangeHistoryTest.setup(B_ChangeHistoryTest.java:19)
</failure>
  </testcase>
  <testcase name="hasMethodAdd" classname="B_ChangeHistoryTest" time="0">
    <failure message="Could not find class `ChangeHistory`." type="java.lang.AssertionError">java.lang.AssertionError: Could not find class `ChangeHistory`.
	at B_ChangeHistoryTest.setup(B_ChangeHistoryTest.java:19)
</failure>
  </testcase>
  <testcase name="hasMethodMaxValue" classname="B_ChangeHistoryTest" time="0">
    <failure message="Could not find class `ChangeHistory`." type="java.lang.AssertionError">java.lang.AssertionError: Could not find class `ChangeHistory`.
	at B_ChangeHistoryTest.setup(B_ChangeHistoryTest.java:19)
</failure>
  </testcase>
  <testcase name="toStringForEmptyHistory" classname="B_ChangeHistoryTest" time="0">
    <failure message="Could not find class `ChangeHistory`." type="java.lang.AssertionError">java.lang.AssertionError: Could not find class `ChangeHistory`.
	at B_ChangeHistoryTest.setup(B_ChangeHistoryTest.java:19)
</failure>
  </testcase>
  <testcase name="theValuesAreCalculatedCorrectlyWhenClearing" classname="B_ChangeHistoryTest" time="0">
    <failure message="Could not find class `ChangeHistory`." type="java.lang.AssertionError">java.lang.AssertionError: Could not find class `ChangeHistory`.
	at B_ChangeHistoryTest.setup(B_ChangeHistoryTest.java:19)
</failure>
  </testcase>
  <testcase name="classExists" classname="B_ChangeHistoryTest" time="0">
    <failure message="Could not find class `ChangeHistory`." type="java.lang.AssertionError">java.lang.AssertionError: Could not find class `ChangeHistory`.
	at B_ChangeHistoryTest.setup(B_ChangeHistoryTest.java:19)
</failure>
  </testcase>
  <testcase name="hasMethodAverage" classname="B_ChangeHistoryTest" time="0">
    <failure message="Could not find class `ChangeHistory`." type="java.lang.AssertionError">java.lang.AssertionError: Could not find class `ChangeHistory`.
	at B_ChangeHistoryTest.setup(B_ChangeHistoryTest.java:19)
</failure>
  </testcase>
  <testcase name="hasMethodClear" classname="B_ChangeHistoryTest" time="0">
    <failure message="Could not find class `ChangeHistory`." type="java.lang.AssertionError">java.lang.AssertionError: Could not find class `ChangeHistory`.
	at B_ChangeHistoryTest.setup(B_ChangeHistoryTest.java:19)
</failure>
  </testcase>
  <testcase name="theValuesAreCalculatedCorrectly1" classname="B_ChangeHistoryTest" time="0.001">
    <failure message="Could not find class `ChangeHistory`." type="java.lang.AssertionError">java.lang.AssertionError: Could not find class `ChangeHistory`.
	at B_ChangeHistoryTest.setup(B_ChangeHistoryTest.java:19)
</failure>
  </testcase>
  <testcase name="theValuesAreCalculatedCorrectly2" classname="B_ChangeHistoryTest" time="0">
    <failure message="Could not find class `ChangeHistory`." type="java.lang.AssertionError">java.lang.AssertionError: Could not find class `ChangeHistory`.
	at B_ChangeHistoryTest.setup(B_ChangeHistoryTest.java:19)
</failure>
  </testcase>
  <testcase name="inheritsNothing" classname="B_ChangeHistoryTest" time="0">
    <failure message="Could not find class `ChangeHistory`." type="java.lang.AssertionError">java.lang.AssertionError: Could not find class `ChangeHistory`.
	at B_ChangeHistoryTest.setup(B_ChangeHistoryTest.java:19)
</failure>
  </testcase>
  <testcase name="hasMethodMinValue" classname="B_ChangeHistoryTest" time="0">
    <failure message="Could not find class `ChangeHistory`." type="java.lang.AssertionError">java.lang.AssertionError: Could not find class `ChangeHistory`.
	at B_ChangeHistoryTest.setup(B_ChangeHistoryTest.java:19)
</failure>
  </testcase>
  <testcase name="hasAConstructor" classname="B_ChangeHistoryTest" time="0">
    <failure message="Could not find class `ChangeHistory`." type="java.lang.AssertionError">java.lang.AssertionError: Could not find class `ChangeHistory`.
	at B_ChangeHistoryTest.setup(B_ChangeHistoryTest.java:19)
</failure>
  </testcase>
  <testcase name="methodMaxValueNotModifyList" classname="B_ChangeHistoryTest" time="0">
    <failure message="Could not find class `ChangeHistory`." type="java.lang.AssertionError">java.lang.AssertionError: Could not find class `ChangeHistory`.
	at B_ChangeHistoryTest.setup(B_ChangeHistoryTest.java:19)
</failure>
  </testcase>
  <testcase name="hasToString" classname="B_ChangeHistoryTest" time="0">
    <failure message="Could not find class `ChangeHistory`." type="java.lang.AssertionError">java.lang.AssertionError: Could not find class `ChangeHistory`.
	at B_ChangeHistoryTest.setup(B_ChangeHistoryTest.java:19)
</failure>
  </testcase>
  <testcase name="noExtraObjectVariables" classname="B_ChangeHistoryTest" time="0">
    <failure message="Could not find class `ChangeHistory`." type="java.lang.AssertionError">java.lang.AssertionError: Could not find class `ChangeHistory`.
	at B_ChangeHistoryTest.setup(B_ChangeHistoryTest.java:19)
</failure>
  </testcase>
  <testcase name="methodMinValueNotModifyList" classname="B_ChangeHistoryTest" time="0">
    <failure message="Could not find class `ChangeHistory`." type="java.lang.AssertionError">java.lang.AssertionError: Could not find class `ChangeHistory`.
	at B_ChangeHistoryTest.setup(B_ChangeHistoryTest.java:19)
</failure>
  </testcase>
</testsuite>