<?xml version="1.0" encoding="UTF-8"?>
<testsuite xmlns:xsi="http://www.w3.org/2001/XMLSchema-instance" xsi:noNamespaceSchemaLocation="https://maven.apache.org/surefire/maven-surefire-plugin/xsd/surefire-test-report.xsd" name="A_ProductWarehouseTest" time="0.054" tests="9" errors="0" skipped="0" failures="5">
  <properties>
[...]
</properties>
  <testcase name="methodGetName" classname="A_ProductWarehouseTest" time="0.014"/>
  <testcase name="classExists" classname="A_ProductWarehouseTest" time="0"/>
  <testcase name="inheritsWarehouseClass" classname="A_ProductWarehouseTest" time="0"/>
  <testcase name="ProductWarehouseToStringWorks1" classname="A_ProductWarehouseTest" time="0.005">
    <failure message="does the toString() of ProductWarehouse work according to the example? &#10;try &#10;pw = new ProductWarehouse(&quot;chocolate&quot;,10); &#10;pw.addToWarehouse(5); &#10;System.out.print(pw);&#10;&#10; expected:&lt;[chocolate: ]balance = 5.0, space...&gt; but was:&lt;[]balance = 5.0, space...&gt;" type="org.junit.ComparisonFailure"><![CDATA[org.junit.ComparisonFailure: 
does the toString() of ProductWarehouse work according to the example? 
try 
pw = new ProductWarehouse("chocolate",10); 
pw.addToWarehouse(5); 
System.out.print(pw);

 expected:<[chocolate: ]balance = 5.0, space...> but was:<[]balance = 5.0, space...>
	at A_ProductWarehouseTest.ProductWarehouseToStringWorks1(A_ProductWarehouseTest.java:137)
]]></failure>
  </testcase>
  <testcase name="ProductWarehouseToStringWorks2" classname="A_ProductWarehouseTest" time="0">
    <failure message="toimiiko Tuotevaraston toString esimerkin ohjeen mukaan? &#10;try &#10;pw = new ProductWarehouse(&quot;mustard&quot;,15); pw.addToWarehouse(10);&#10;System.out.print(pw);&#10;&#10; expected:&lt;[mustard: ]balance = 10.0, spac...&gt; but was:&lt;[]balance = 10.0, spac...&gt;" type="org.junit.ComparisonFailure"><![CDATA[org.junit.ComparisonFailure: 
toimiiko Tuotevaraston toString esimerkin ohjeen mukaan? 
try 
pw = new ProductWarehouse("mustard",15); pw.addToWarehouse(10);
System.out.print(pw);

 expected:<[mustard: ]balance = 10.0, spac...> but was:<[]balance = 10.0, spac...>
	at A_ProductWarehouseTest.ProductWarehouseToStringWorks2(A_ProductWarehouseTest.java:149)
]]></failure>
  </testcase>
  <testcase name="methodSetName" classname="A_ProductWarehouseTest" time="0.001">
    <failure message="write a method public void setName(String nimi) for the class ProductWarehouse" type="java.lang.AssertionError">java.lang.AssertionError: write a method public void setName(String nimi) for the class ProductWarehouse
	at A_ProductWarehouseTest.methodSetName(A_ProductWarehouseTest.java:92)
</failure>
  </testcase>
  <testcase name="hasConstructorTakingTwoParameters" classname="A_ProductWarehouseTest" time="0.001"/>
  <testcase name="noExtraObjectVariables" classname="A_ProductWarehouseTest" time="0">
    <failure message="you don&apos;t need object variables for the ProductWarehouse class exept for the name of the product, since the ProductWarehouse inherits the balance and capacity of Warehouse. Remove the extra ones" type="java.lang.AssertionError">java.lang.AssertionError: you don't need object variables for the ProductWarehouse class exept for the name of the product, since the ProductWarehouse inherits the balance and capacity of Warehouse. Remove the extra ones
	at A_ProductWarehouseTest.sanitaryCheck(A_ProductWarehouseTest.java:180)
	at A_ProductWarehouseTest.noExtraObjectVariables(A_ProductWarehouseTest.java:45)
</failure>
  </testcase>
  <testcase name="ProductWarehouseHasOwnToString" classname="A_ProductWarehouseTest" time="0">
    <failure message="override the toString method of Warehouse in the ProductWarehouse class according to the example in the exercise description" type="java.lang.AssertionError">java.lang.AssertionError: override the toString method of Warehouse in the ProductWarehouse class according to the example in the exercise description
	at A_ProductWarehouseTest.ProductWarehouseHasOwnToString(A_ProductWarehouseTest.java:124)
</failure>
  </testcase>
</testsuite>