<?xml version="1.0" encoding="UTF-8"?>
<testsuite xmlns:xsi="http://www.w3.org/2001/XMLSchema-instance" xsi:noNamespaceSchemaLocation="https://maven.apache.org/surefire/maven-surefire-plugin/xsd/surefire-test-report.xsd" name="B_ChangeHistoryTest" time="0.001" tests="18" errors="0" skipped="0" failures="18">
  <properties>
[...]
</properties>
  <testcase name="toStringWorksWhenAdding1" classname="B_ChangeHistoryTest" time="0">
    <failure message="Could not find class `ChangeHistory`." type="java.lang.AssertionError">java.lang.AssertionError: Could not find class `ChangeHistory`.
	at B_ChangeHistoryTest.setup(B_ChangeHistoryTest.java:19)
</failure>
  </testcase>
  <testcase name="toStringWorksWhenAdding2" classname="B_ChangeHistoryTest" time="0">
    <failure message="Could not find class `ChangeHistory`." type="java.lang.AssertionError">java.lang.AssertionError: Could not find class `ChangeHistory`.
	at B_ChangeHistoryTest.setup(B_ChangeHistoryTest.java:19)
</failure>
  </testcase>
  <testcase name="hasMethodAdd" classname="B_ChangeHistoryTest" time="0">
    <failure message="Could not find class `ChangeHistory`." type="java.lang.AssertionError">java.lang.AssertionError: Could not find class `ChangeHistory`.
	at B_ChangeHistoryTest.setup(B_ChangeHistoryTest.java:19)
</failure>
  </testcase>
  <testcase name="hasMethodMaxValue" classname="B_ChangeHistoryTest" time="0">
    <failure message="Could not find class `ChangeHistory`." type="java.lang.AssertionError">java.lang.AssertionError: Could not find class `ChangeHistory`.
	at B_ChangeHistoryTest.setup(B_ChangeHistoryTest.java:19)
</failure>
  </testcase>
  <testcase name="toStringForEmptyHistory" classname="B_ChangeHistoryTest" time="0">
    <failure message="Could not find class `ChangeHistory`." type="java.lang.AssertionError">java.lang.AssertionError: Could not find class `ChangeHistory`.
	at B_ChangeHistoryTest.setup(B_ChangeHistoryTest.java:19)
</failure>
  </testcase>
  <testcase name="theValuesAreCalculatedCorrectlyWhenClearing" classname="B_ChangeHistoryTest" time="0">
    <failure message="Could not find class `ChangeHistory`." type="java.lang.AssertionError">java.lang.AssertionError: Could not find class `ChangeHistory`.
	at B_ChangeHistoryTest.setup(B_ChangeHistoryTest.java:19)
</failure>
  </testcase>
  <testcase name="classExists" classname="B_ChangeHistoryTest" time="0">
    <failure message="Could not find class `ChangeHistory`." type="java.lang.AssertionError">java.lang.AssertionError: Could not find class `ChangeHistory`.
	at B_ChangeHistoryTest.setup(B_ChangeHistoryTest.java:19)
</failure>
  </testcase>
  <testcase name="hasMethodAverage" classname="B_ChangeHistoryTest" time="0">
    <failure message="Could not find class `ChangeHistory`." type="java.lang.AssertionError">java.lang.AssertionError: Could not find class `ChangeHistory`.
	at B_ChangeHistoryTest.setup(B_ChangeHistoryTest.java:19)
</failure>
  </testcase>
  <testcase name="hasMethodClear" classname="B_ChangeHistoryTest" time="0">
    <failure message="Could not find class `ChangeHistory`." type="java.lang.AssertionError">java.lang.AssertionError: Could not find class `ChangeHistory`.
	at B_ChangeHistoryTest.setup(B_ChangeHistoryTest.java:19)
</failure>
  </testcase>
  <testcase name="theValuesAreCalculatedCorrectly1" classname="B_ChangeHistoryTest" time="0.001">
    <failure message="Could not find class `ChangeHistory`." type="java.lang.AssertionError">java.lang.AssertionError: Could not find class `ChangeHistory`.
	at B_ChangeHistoryTest.setup(B_ChangeHistoryTest.java:19)
</failure>
  </testcase>
  <testcase name="theValuesAreCalculatedCorrectly2" classname="B_ChangeHistoryTest" time="0">
    <failure message="Could not find class `ChangeHistory`." type="java.lang.AssertionError">java.lang.AssertionError: Could not find class `ChangeHistory`.
	at B_ChangeHistoryTest.setup(B_ChangeHistoryTest.java:19)
</failure>
  </testcase>
  <testcase name="inheritsNothing" classname="B_ChangeHistoryTest" time="0">
    <failure message="Could not find class `ChangeHistory`." type="java.lang.AssertionError">java.lang.AssertionError: Could not find class `ChangeHistory`.
	at B_ChangeHistoryTest.setup(B_ChangeHistoryTest.java:19)
</failure>
  </testcase>
  <testcase name="hasMethodMinValue" classname="B_ChangeHistoryTest" time="0">
    <failure message="Could not find class `ChangeHistory`." type="java.lang.AssertionError">java.lang.AssertionError: Could not find class `ChangeHistory`.
	at B_ChangeHistoryTest.setup(B_ChangeHistoryTest.java:19)
</failure>
  </testcase>
  <testcase name="hasAConstructor" classname="B_ChangeHistoryTest" time="0">
    <failure message="Could not find class `ChangeHistory`." type="java.lang.AssertionError">java.lang.AssertionError: Could not find class `ChangeHistory`.
	at B_ChangeHistoryTest.setup(B_ChangeHistoryTest.java:19)
</failure>
  </testcase>
  <testcase name="methodMaxValueNotModifyList" classname="B_ChangeHistoryTest" time="0">
    <failure message="Could not find class `ChangeHistory`." type="java.lang.AssertionError">java.lang.AssertionError: Could not find class `ChangeHistory`.
	at B_ChangeHistoryTest.setup(B_ChangeHistoryTest.java:19)
</failure>
  </testcase>
  <testcase name="hasToString" classname="B_ChangeHistoryTest" time="0">
    <failure message="Could not find class `ChangeHistory`." type="java.lang.AssertionError">java.lang.AssertionError: Could not find class `ChangeHistory`.
	at B_ChangeHistoryTest.setup(B_ChangeHistoryTest.java:19)
</failure>
  </testcase>
  <testcase name="noExtraObjectVariables" classname="B_ChangeHistoryTest" time="0">
    <failure message="Could not find class `ChangeHistory`." type="java.lang.AssertionError">java.lang.AssertionError: Could not find class `ChangeHistory`.
	at B_ChangeHistoryTest.setup(B_ChangeHistoryTest.java:19)
</failure>
  </testcase>
  <testcase name="methodMinValueNotModifyList" classname="B_ChangeHistoryTest" time="0">
    <failure message="Could not find class `ChangeHistory`." type="java.lang.AssertionError">java.lang.AssertionError: Could not find class `ChangeHistory`.
	at B_ChangeHistoryTest.setup(B_ChangeHistoryTest.java:19)
</failure>
  </testcase>
</testsuite>